Arguments: 
  /usr/local/bin/node /usr/local/bin/yarn

PATH: 
  /usr/local/bin:/usr/bin:/bin:/usr/sbin:/sbin

Yarn version: 
  1.2.1

Node version: 
  6.11.4

Platform: 
  darwin x64

npm manifest: 
  {
    "name": "socket",
    "version": "1.0.0",
    "description": "",
    "main": "index.js",
    "scripts": {
      "test": "echo \"Error: no test specified\" && exit 1"
    },
    "repository": {
      "type": "git",
      "url": "git+https://github.com/SophieDeBenedetto/react-redux-starter-kit.git"
    },
    "author": "",
    "license": "ISC",
    "bugs": {
      "url": "https://github.com/SophieDeBenedetto/react-redux-starter-kit/issues"
    },
    "homepage": "https://github.com/SophieDeBenedetto/react-redux-starter-kit#readme",
    "dependencies": {
      "autoprefixer": "^7.1.4",
      "babel-core": "^6.25.0",
      "babel-loader": "^7.0.0",
      "babel-plugin-transform-runtime": "^6.23.0",
      "babel-preset-env": "^1.6.0",
      "babel-preset-react": "^6.24.1",
      "babel-preset-stage-0": "^6.24.1",
      "css-loader": "^0.28.4",
      "express": "^4.16.2",
      "extract-text-webpack-plugin": "^2.1.2",
      "file-loader": "^0.11.2",
      "html-webpack-plugin": "^2.30.1",
      "json-loader": "^0.5.7",
      "node-sass": "^4.5.3",
      "postcss-loader": "^2.0.6",
      "postcss-plugin": "^1.0.0",
      "react": "^15.6.0",
      "react-dom": "^15.6.0",
      "react-redux": "^5.0.5",
      "react-router-dom": "^4.1.1",
      "redux": "^3.7.0",
      "sass-loader": "^6.0.6",
      "socket.io": "^2.0.3",
      "style-loader": "^0.18.2",
      "webpack": "^3.6.0"
    }
  }

yarn manifest: 
  No manifest

Lockfile: 
  No lockfile

Trace: 
  Error: https://registry.yarnpkg.com/has-unicode/-/has-unicode-2.0.1.tgz: ENOENT: no such file or directory, open '/Users/casey/Library/Caches/Yarn/v1/npm-has-unicode-2.0.1-e0e6fe6a28cf51138855e086d1691e771de2a8b9/.yarn-tarball.tgz'
      at Error (native)
